<?xml version="1.0" encoding="UTF-8"?>
<!-- Generated by org.testng.reporters.JUnitReportReporter -->
<testsuite skipped="0" hostname="MLT320" name="FlightBookingTest" tests="1" failures="0" timestamp="16 Dec 2018 14:49:32 GMT" time="96.986" errors="0">
  <testcase name="testThatResultsAppearForAOneWayJourney" time="96.986" classname="FlightBookingTest"/>
</testsuite> <!-- FlightBookingTest -->
